<?xml version="1.0" encoding="UTF-8"?>
<!-- Generated by org.testng.reporters.JUnitReportReporter -->
<testsuite hostname="DESKTOP-0BR2GDR" name="testCC.CCOne" tests="4" failures="0" timestamp="24 Apr 2019 18:00:21 GMT" time="0.020" errors="0">
  <testcase name="CC2" time="0.002" classname="testCC.CCOne"/>
  <testcase name="CC3" time="0.001" classname="testCC.CCOne"/>
  <testcase name="CC4" time="0.001" classname="testCC.CCOne"/>
  <testcase name="CC1" time="0.016" classname="testCC.CCOne"/>
</testsuite> <!-- testCC.CCOne -->
