<?xml version="1.0" encoding="UTF-8"?>
<!-- Generated by org.testng.reporters.JUnitReportReporter -->
<testsuite hostname="DESKTOP-0BR2GDR" name="testAA.FF" tests="1" failures="0" timestamp="24 Apr 2019 12:27:05 GMT" time="0.016" errors="0">
  <testcase name="fac" time="0.016" classname="testAA.FF"/>
</testsuite> <!-- testAA.FF -->
