<?xml version="1.0" encoding="UTF-8"?>
<!-- Generated by org.testng.reporters.JUnitReportReporter -->
<testsuite hostname="DESKTOP-0BR2GDR" name="testGG.GGG" tests="1" failures="0" timestamp="24 Apr 2019 18:00:21 GMT" time="0.002" errors="0">
  <testcase name="gg" time="0.002" classname="testGG.GGG"/>
</testsuite> <!-- testGG.GGG -->
