<?xml version="1.0" encoding="UTF-8"?>
<!-- Generated by org.testng.reporters.JUnitReportReporter -->
<testsuite hostname="DESKTOP-0BR2GDR" name="testAA.Two" tests="4" failures="0" timestamp="24 Apr 2019 18:00:21 GMT" time="0.005" errors="0">
  <testcase name="w" time="0.000" classname="testAA.Two"/>
  <testcase name="x" time="0.001" classname="testAA.Two"/>
  <testcase name="v" time="0.003" classname="testAA.Two"/>
  <testcase name="y" time="0.001" classname="testAA.Two"/>
</testsuite> <!-- testAA.Two -->
