<?xml version="1.0" encoding="UTF-8"?>
<!-- Generated by org.testng.reporters.JUnitReportReporter -->
<testsuite hostname="DESKTOP-0BR2GDR" name="testBB.BBOne" tests="2" failures="0" timestamp="27 Apr 2019 02:12:20 GMT" time="0.006" errors="0">
  <testcase name="hh" time="0.001" classname="testBB.BBOne"/>
  <testcase name="BB1" time="0.005" classname="testBB.BBOne"/>
</testsuite> <!-- testBB.BBOne -->
