<?xml version="1.0" encoding="UTF-8"?>
<!-- Generated by org.testng.reporters.JUnitReportReporter -->
<testsuite hostname="DESKTOP-0BR2GDR" name="testEE.EEE" tests="1" failures="0" timestamp="24 Apr 2019 18:00:21 GMT" time="0.001" errors="0">
  <testcase name="eeeeee" time="0.001" classname="testEE.EEE"/>
</testsuite> <!-- testEE.EEE -->
