<?xml version="1.0" encoding="UTF-8"?>
<!-- Generated by org.testng.reporters.JUnitReportReporter -->
<testsuite hostname="DESKTOP-0BR2GDR" name="testAA.Three" tests="4" failures="0" timestamp="24 Apr 2019 18:00:21 GMT" time="0.005" errors="0">
  <testcase name="o" time="0.000" classname="testAA.Three"/>
  <testcase name="m" time="0.000" classname="testAA.Three"/>
  <testcase name="p" time="0.004" classname="testAA.Three"/>
  <testcase name="n" time="0.001" classname="testAA.Three"/>
</testsuite> <!-- testAA.Three -->
